c:\coding\c++\projects\doi\engine\release\engine.pdb
c:\coding\c++\projects\doi\engine\release\particlesystem.obj
c:\coding\c++\projects\doi\engine\release\inputsystem.obj
c:\coding\c++\projects\doi\engine\release\graphicssystem.obj
c:\coding\c++\projects\doi\engine\release\windowmanager.obj
c:\coding\c++\projects\doi\engine\release\texture.obj
c:\coding\c++\projects\doi\engine\release\shadermanager.obj
c:\coding\c++\projects\doi\engine\release\shader.obj
c:\coding\c++\projects\doi\engine\release\scenemanager.obj
c:\coding\c++\projects\doi\engine\release\timesteplite.obj
c:\coding\c++\projects\doi\engine\release\timestep.obj
c:\coding\c++\projects\doi\engine\release\timer.obj
c:\coding\c++\projects\doi\engine\release\stopwatch.obj
c:\coding\c++\projects\doi\engine\release\fpslite.obj
c:\coding\c++\projects\doi\engine\release\duration.obj
c:\coding\c++\projects\doi\engine\release\continuum.obj
c:\coding\c++\projects\doi\engine\release\basicclock.obj
c:\coding\c++\projects\doi\engine\release\absorel.obj
c:\coding\c++\projects\doi\engine\release\scheduler.obj
c:\coding\c++\projects\doi\engine\release\core.obj
c:\coding\c++\projects\doi\engine\release\physicssystem.obj
c:\coding\c++\projects\doi\engine\release\inputmanager.obj
c:\coding\c++\projects\doi\release\engine.lib
c:\coding\c++\projects\doi\engine\release\engine.tlog\cl.command.1.tlog
c:\coding\c++\projects\doi\engine\release\engine.tlog\cl.read.1.tlog
c:\coding\c++\projects\doi\engine\release\engine.tlog\cl.write.1.tlog
c:\coding\c++\projects\doi\engine\release\engine.tlog\lib-link.read.1.tlog
c:\coding\c++\projects\doi\engine\release\engine.tlog\lib-link.write.1.tlog
c:\coding\c++\projects\doi\engine\release\engine.tlog\lib.command.1.tlog
