c:\coding\c++\projects\doi\engine\debug\engine.pdb
c:\coding\c++\projects\doi\engine\debug\engine.idb
c:\coding\c++\projects\doi\engine\debug\core.obj
c:\coding\c++\projects\doi\engine\debug\scheduler.obj
c:\coding\c++\projects\doi\engine\debug\absorel.obj
c:\coding\c++\projects\doi\engine\debug\basicclock.obj
c:\coding\c++\projects\doi\engine\debug\continuum.obj
c:\coding\c++\projects\doi\engine\debug\duration.obj
c:\coding\c++\projects\doi\engine\debug\fpslite.obj
c:\coding\c++\projects\doi\engine\debug\stopwatch.obj
c:\coding\c++\projects\doi\engine\debug\timer.obj
c:\coding\c++\projects\doi\engine\debug\timestep.obj
c:\coding\c++\projects\doi\engine\debug\timesteplite.obj
c:\coding\c++\projects\doi\engine\debug\windowmanager.obj
c:\coding\c++\projects\doi\debug\engine.lib
c:\coding\c++\projects\doi\debug\engine.pdb
c:\coding\c++\projects\doi\engine\debug\engine.tlog\cl.command.1.tlog
c:\coding\c++\projects\doi\engine\debug\engine.tlog\cl.read.1.tlog
c:\coding\c++\projects\doi\engine\debug\engine.tlog\cl.write.1.tlog
c:\coding\c++\projects\doi\engine\debug\engine.tlog\lib-link.read.1.tlog
c:\coding\c++\projects\doi\engine\debug\engine.tlog\lib-link.write.1.tlog
c:\coding\c++\projects\doi\engine\debug\engine.tlog\lib.command.1.tlog
